[2013-06-24 09:54:50] START
[2013-06-24 10:07:33] EDIT Assignment1/models/db.py: -23
[2013-06-24 10:19:22] EDIT Assignment1/models/db.py: 4
[2013-06-24 10:22:18] EDIT Assignment1/models/db.py: -1
[2013-06-24 11:00:52] EDIT Assignment1/models/db.py: 1
[2013-06-24 11:02:17] EDIT Assignment1/models/db.py: 0
[2013-06-24 11:20:15] EDIT Assignment1/models/db.py: 0
[2013-06-24 11:20:22] EDIT Assignment1/models/db.py: 0
[2013-06-24 12:51:25] EDIT Assignment1/views/default/index.html: -29
[2013-06-24 12:53:16] EDIT Assignment1/views/default/index.html: 0
[2013-06-24 12:54:51] EDIT Assignment1/controllers/default.py: -54
[2013-06-24 13:10:10] EDIT Assignment1/models/db.py: 0
[2013-06-24 13:15:30] EDIT Assignment1/controllers/default.py: 0
[2013-06-24 13:16:27] EDIT Assignment1/controllers/default.py: 1
[2013-06-24 13:16:34] EDIT Assignment1/controllers/default.py: 0
[2013-06-24 13:17:11] EDIT Assignment1/controllers/default.py: 0
[2013-06-24 13:17:37] EDIT Assignment1/views/default/index.html: 0
[2013-06-24 13:18:45] EDIT Assignment1/controllers/default.py: 0
[2013-06-24 13:19:04] EDIT Assignment1/controllers/default.py: 0
[2013-06-24 13:20:05] EDIT Assignment1/controllers/default.py: 0
[2013-06-24 13:58:02] EDIT Assignment1/controllers/default.py: 0
[2013-06-24 13:58:26] EDIT Assignment1/controllers/default.py: 0
[2013-06-24 13:58:36] EDIT Assignment1/controllers/default.py: 0
[2013-06-24 14:01:50] EDIT Assignment1/controllers/default.py: -1
[2013-06-24 14:02:11] EDIT Assignment1/views/default/index.html: 0
[2013-06-24 14:04:43] EDIT Assignment1/controllers/default.py: 1
[2013-06-24 14:07:32] EDIT Assignment1/controllers/default.py: 2
[2013-06-24 15:33:32] EDIT Assignment1/models/db.py: 0
[2013-06-24 15:42:33] EDIT Assignment1/models/db.py: 1
[2013-06-24 15:43:10] EDIT Assignment1/models/db.py: 1
[2013-06-24 15:45:08] EDIT Assignment1/controllers/default.py: -2
[2013-06-24 15:45:19] EDIT Assignment1/controllers/default.py: 0
[2013-06-24 15:45:51] EDIT Assignment1/views/default/index.html: 0
[2013-06-24 15:49:29] EDIT Assignment1/models/db.py: 0
[2013-06-24 15:50:03] EDIT Assignment1/models/db.py: 0
[2013-06-24 16:10:52] EDIT Assignment1/models/db.py: -2
[2013-06-24 16:49:59] EDIT Assignment1/models/db.py: 2
[2013-06-24 16:52:37] EDIT Assignment1/models/db.py: 0
[2013-06-24 16:52:41] EDIT Assignment1/models/db.py: 0
[2013-06-24 16:52:50] EDIT Assignment1/models/db.py: 0
[2013-06-24 16:52:57] EDIT Assignment1/models/db.py: 0
[2013-06-24 16:53:28] EDIT Assignment1/models/db.py: 0
[2013-06-24 16:54:07] EDIT Assignment1/models/db.py: 0
[2013-06-24 16:54:18] EDIT Assignment1/models/db.py: 0
[2013-06-24 16:54:48] EDIT Assignment1/models/db.py: 1
[2013-06-24 16:54:54] EDIT Assignment1/models/db.py: 0
[2013-06-24 16:55:01] EDIT Assignment1/models/db.py: 0
[2013-06-24 16:55:14] EDIT Assignment1/models/db.py: 0
[2013-06-24 16:55:31] EDIT Assignment1/models/db.py: 0
[2013-06-24 16:56:40] EDIT Assignment1/models/db.py: 0
[2013-06-24 16:56:59] EDIT Assignment1/models/db.py: 0
[2013-06-24 16:57:27] EDIT Assignment1/models/db.py: 0
[2013-06-24 16:58:08] EDIT Assignment1/models/db.py: 0
[2013-06-24 17:23:33] EDIT Assignment1/models/db.py: 0
[2013-06-24 17:24:44] EDIT Assignment1/controllers/default.py: 0
[2013-06-24 17:26:19] EDIT Assignment1/controllers/default.py: 0
[2013-06-24 17:26:21] EDIT Assignment1/controllers/default.py: 0
[2013-06-24 17:26:50] EDIT Assignment1/controllers/default.py: 0
[2013-06-25 12:11:21] EDIT Assignment1/models/db.py: 0
[2013-06-25 12:13:08] EDIT Assignment1/controllers/default.py: 0
[2013-06-25 12:22:30] EDIT Assignment1/controllers/default.py: 0
[2013-06-25 12:23:09] EDIT Assignment1/controllers/default.py: 0
[2013-06-25 12:23:58] EDIT Assignment1/controllers/default.py: 0
[2013-06-25 12:25:35] EDIT Assignment1/controllers/default.py: 0
[2013-06-25 12:26:45] EDIT Assignment1/controllers/default.py: 1
[2013-06-25 12:26:53] EDIT Assignment1/controllers/default.py: 0
[2013-06-25 12:27:22] EDIT Assignment1/controllers/default.py: 0
[2013-06-25 12:28:08] EDIT Assignment1/views/default/index.html: -1
[2013-06-25 12:28:54] EDIT Assignment1/views/default/index.html: 1
[2013-06-25 12:29:15] EDIT Assignment1/views/default/index.html: 0
[2013-06-25 12:31:28] EDIT Assignment1/views/default/index.html: 0
[2013-06-25 12:35:48] EDIT Assignment1/models/db.py: 0
[2013-06-25 12:36:54] EDIT Assignment1/views/default/index.html: 0
[2013-06-25 12:37:09] EDIT Assignment1/controllers/default.py: -2
[2013-06-25 12:37:49] EDIT Assignment1/controllers/default.py: 2
[2013-06-25 12:39:44] EDIT Assignment1/controllers/default.py: 2
[2013-06-25 12:46:42] EDIT Assignment1/controllers/default.py: 0
[2013-06-25 12:46:55] EDIT Assignment1/controllers/default.py: 1
[2013-06-25 12:49:32] EDIT Assignment1/controllers/default.py: 2
[2013-06-25 12:49:58] EDIT Assignment1/controllers/default.py: 0
[2013-06-25 12:50:06] EDIT Assignment1/controllers/default.py: 0
[2013-06-25 12:50:40] EDIT Assignment1/controllers/default.py: 0
[2013-06-25 12:51:15] EDIT Assignment1/controllers/default.py: 0
[2013-06-25 12:52:16] EDIT Assignment1/controllers/default.py: 0
[2013-06-25 12:54:59] EDIT Assignment1/controllers/default.py: 0
[2013-06-25 12:55:57] EDIT Assignment1/controllers/default.py: 0
[2013-06-25 12:57:45] EDIT Assignment1/controllers/default.py: 1
[2013-06-25 12:58:10] EDIT Assignment1/controllers/default.py: 0
[2013-06-25 13:00:51] EDIT Assignment1/models/db.py: 0
[2013-06-25 13:01:28] EDIT Assignment1/models/db.py: -5
[2013-06-25 13:07:58] EDIT Assignment1/models/db.py: -1
[2013-06-25 13:09:20] EDIT Assignment1/models/db.py: -1
[2013-06-25 13:09:24] EDIT Assignment1/models/db.py: 0
[2013-06-25 13:09:49] EDIT Assignment1/models/db.py: 0
[2013-06-25 13:09:51] EDIT Assignment1/models/db.py: 0
[2013-06-25 13:09:52] EDIT Assignment1/models/db.py: 0
[2013-06-25 13:10:02] EDIT Assignment1/views/default/index.html: 0
[2013-06-25 13:11:21] EDIT Assignment1/controllers/default.py: -1
[2013-06-25 13:11:26] EDIT Assignment1/controllers/default.py: 0
[2013-06-25 13:13:09] EDIT Assignment1/controllers/default.py: 0
[2013-06-25 13:58:53] EDIT Assignment1/controllers/default.py: 0
[2013-06-25 14:01:45] EDIT Assignment1/controllers/default.py: -5
[2013-06-25 14:01:56] EDIT Assignment1/views/default/index.html: 0
[2013-06-25 14:17:03] EDIT Assignment1/models/db.py: 5
[2013-06-25 14:17:48] EDIT Assignment1/models/db.py: 1
[2013-06-25 14:18:17] EDIT Assignment1/models/db.py: 0
[2013-06-25 14:18:39] EDIT Assignment1/models/db.py: 0
[2013-06-25 14:18:46] EDIT Assignment1/models/db.py: 0
[2013-06-25 14:18:47] EDIT Assignment1/models/db.py: 0
[2013-06-25 14:18:59] EDIT Assignment1/models/db.py: 0
[2013-06-25 14:19:06] EDIT Assignment1/models/db.py: 0
[2013-06-25 14:19:55] EDIT Assignment1/controllers/default.py: 0
[2013-06-25 14:20:02] EDIT Assignment1/controllers/default.py: 0
[2013-06-25 14:20:31] EDIT Assignment1/models/db.py: 0
[2013-06-25 14:22:06] EDIT Assignment1/models/db.py: 0
[2013-06-25 14:22:12] EDIT Assignment1/models/db.py: 0
[2013-06-25 14:22:16] EDIT Assignment1/models/db.py: 0
[2013-06-25 14:31:39] EDIT Assignment1/models/db.py: 0
[2013-06-25 14:31:54] EDIT Assignment1/views/default/index.html: 0
[2013-06-25 14:34:44] EDIT Assignment1/models/db.py: 0
[2013-06-25 14:40:19] EDIT Assignment1/models/db.py: 0
[2013-06-25 14:42:17] EDIT Assignment1/models/db.py: 0
[2013-06-25 14:42:31] EDIT Assignment1/models/db.py: 0
[2013-06-25 14:42:37] EDIT Assignment1/models/db.py: 0
[2013-06-25 14:42:51] EDIT Assignment1/views/default/index.html: 0
[2013-06-25 14:44:38] EDIT Assignment1/models/db.py: 0
[2013-06-25 14:44:40] EDIT Assignment1/models/db.py: 0
[2013-06-25 14:45:19] EDIT Assignment1/models/db.py: 0
[2013-06-25 14:46:08] EDIT Assignment1/models/db.py: 0
[2013-06-25 14:46:26] EDIT Assignment1/models/db.py: 0
[2013-06-25 14:50:02] EDIT Assignment1/models/db.py: 0
[2013-06-25 14:51:26] EDIT Assignment1/models/db.py: 0
[2013-06-25 15:29:29] EDIT Assignment1/models/db.py: 0
[2013-06-25 15:33:15] EDIT Assignment1/models/db.py: 0
[2013-06-25 16:01:47] EDIT Assignment1/controllers/default.py: 0
[2013-06-26 09:32:22] EDIT Assignment1/models/db.py: 0
[2013-06-26 09:32:56] EDIT Assignment1/models/db.py: -1
[2013-06-26 10:18:51] EDIT Assignment1/models/db.py: 0
[2013-06-26 10:47:11] EDIT Assignment1/models/db.py: 0
[2013-06-26 11:26:02] EDIT Assignment1/controllers/default.py: 3
[2013-06-26 11:26:25] EDIT Assignment1/controllers/default.py: 0
[2013-06-26 11:26:54] EDIT Assignment1/views/default/index.html: 0
[2013-06-26 11:28:16] EDIT Assignment1/controllers/default.py: 0
[2013-06-26 11:29:14] EDIT Assignment1/controllers/default.py: 1
[2013-06-26 11:29:38] EDIT Assignment1/controllers/default.py: 0
[2013-06-26 11:30:39] EDIT Assignment1/controllers/default.py: 0
[2013-06-26 11:32:36] EDIT Assignment1/models/db.py: -1
[2013-06-26 11:37:42] EDIT Assignment1/controllers/default.py: 1
[2013-06-26 11:37:43] EDIT Assignment1/controllers/default.py: 0
[2013-06-26 11:39:20] EDIT Assignment1/controllers/default.py: 0
[2013-06-26 11:39:49] EDIT Assignment1/controllers/default.py: -1
[2013-06-26 11:40:01] EDIT Assignment1/controllers/default.py: 1
[2013-06-26 11:40:17] EDIT Assignment1/controllers/default.py: 0
[2013-06-26 11:41:38] EDIT Assignment1/controllers/default.py: 0
[2013-06-26 11:42:54] EDIT Assignment1/controllers/default.py: 0
[2013-06-26 11:49:56] EDIT Assignment1/controllers/default.py: 0
[2013-06-26 12:00:35] EDIT Assignment1/controllers/default.py: 0
[2013-06-26 12:01:09] EDIT Assignment1/controllers/default.py: 1
[2013-06-26 12:01:22] EDIT Assignment1/controllers/default.py: 0
[2013-06-26 12:01:37] EDIT Assignment1/controllers/default.py: 0
[2013-06-26 12:02:40] EDIT Assignment1/controllers/default.py: 0
[2013-06-26 12:02:50] EDIT Assignment1/controllers/default.py: -1
[2013-06-26 12:03:11] EDIT Assignment1/controllers/default.py: 0
[2013-06-26 12:04:31] EDIT Assignment1/controllers/default.py: 1
[2013-06-26 12:04:36] EDIT Assignment1/controllers/default.py: 0
[2013-06-26 12:04:39] EDIT Assignment1/controllers/default.py: 0
[2013-06-26 12:08:01] EDIT Assignment1/controllers/default.py: 0
[2013-06-26 12:08:17] EDIT Assignment1/controllers/default.py: 0
[2013-06-26 12:08:27] EDIT Assignment1/controllers/default.py: -3
[2013-06-26 12:09:17] EDIT Assignment1/controllers/default.py: 0
[2013-06-26 12:10:05] EDIT Assignment1/controllers/default.py: 2
[2013-06-26 12:10:12] EDIT Assignment1/controllers/default.py: 0
[2013-06-26 12:10:36] EDIT Assignment1/controllers/default.py: 1
[2013-06-26 12:10:44] EDIT Assignment1/controllers/default.py: 1
[2013-06-26 12:11:21] EDIT Assignment1/controllers/default.py: 0
[2013-06-26 12:11:22] EDIT Assignment1/controllers/default.py: 0
[2013-06-26 12:12:44] EDIT Assignment1/controllers/default.py: 0
[2013-06-26 12:14:27] EDIT Assignment1/controllers/default.py: -2
[2013-06-26 12:14:32] EDIT Assignment1/controllers/default.py: 0
[2013-06-26 12:14:45] EDIT Assignment1/controllers/default.py: 0
[2013-06-26 12:15:25] EDIT Assignment1/controllers/default.py: 0
[2013-06-26 12:17:08] EDIT Assignment1/controllers/default.py: 0
[2013-06-26 12:17:52] EDIT Assignment1/views/default/index.html: 0
[2013-06-26 12:23:43] EDIT Assignment1/controllers/default.py: 0
[2013-06-26 12:23:53] EDIT Assignment1/controllers/default.py: 0
[2013-06-26 12:32:04] EDIT Assignment1/controllers/default.py: 0
[2013-06-26 12:32:16] EDIT Assignment1/views/default/index.html: 0
[2013-06-26 12:36:48] EDIT Assignment1/controllers/default.py: 0
[2013-06-26 12:59:00] EDIT Assignment1/controllers/default.py: 1
[2013-06-26 13:00:16] EDIT Assignment1/controllers/default.py: 0
[2013-06-26 13:01:26] EDIT Assignment1/controllers/default.py: 1
[2013-06-26 13:01:41] EDIT Assignment1/controllers/default.py: 0
